#
# There is insufficient memory for the Java Runtime Environment to continue.
# Native memory allocation (mmap) failed to map 130023424 bytes. Error detail: G1 virtual space
# Possible reasons:
#   The system is out of physical RAM or swap space
#   This process is running with CompressedOops enabled, and the Java Heap may be blocking the growth of the native heap
# Possible solutions:
#   Reduce memory load on the system
#   Increase physical memory or swap space
#   Check if swap backing store is full
#   Decrease Java heap size (-Xmx/-Xms)
#   Decrease number of Java threads
#   Decrease Java thread stack sizes (-Xss)
#   Set larger code cache with -XX:ReservedCodeCacheSize=
#   JVM is running with Unscaled Compressed Oops mode in which the Java heap is
#     placed in the first 4GB address space. The Java Heap base address is the
#     maximum limit for the native heap growth. Please use -XX:HeapBaseMinAddress
#     to set the Java Heap base and to place the Java Heap above 4GB virtual address.
# This output file may be truncated or incomplete.
#
#  Out of Memory Error (os_windows.cpp:3613), pid=30668, tid=5284
#
# JRE version:  (17.0.12+7) (build )
# Java VM: OpenJDK 64-Bit Server VM (17.0.12+7, mixed mode, emulated-client, sharing, tiered, compressed oops, compressed class ptrs, g1 gc, windows-amd64)
# No core dump will be written. Minidumps are not enabled by default on client versions of Windows
#

---------------  S U M M A R Y ------------

Command Line: -Xmx1024m -Dsts.lsp.client=vscode -Dsts.log.file=/dev/null -XX:TieredStopAtLevel=1 -Xlog:jni+resolve=off c:\Users\ranja\.vscode\extensions\vmware.vscode-spring-boot-1.57.0\language-server\spring-boot-language-server-1.57.0-SNAPSHOT-exec.jar

Host: 11th Gen Intel(R) Core(TM) i5-11400H @ 2.70GHz, 12 cores, 7G,  Windows 11 , 64 bit Build 22621 (10.0.22621.3958)
Time: Thu Sep 12 23:15:02 2024 India Standard Time elapsed time: 0.019704 seconds (0d 0h 0m 0s)

---------------  T H R E A D  ---------------

Current thread (0x0000018d8b8798c0):  JavaThread "Unknown thread" [_thread_in_vm, id=5284, stack(0x0000004f7c200000,0x0000004f7c300000)]

Stack: [0x0000004f7c200000,0x0000004f7c300000]
Native frames: (J=compiled Java code, j=interpreted, Vv=VM code, C=native code)
V  [jvm.dll+0x67f929]
V  [jvm.dll+0x8371ba]
V  [jvm.dll+0x838c7e]
V  [jvm.dll+0x8392e3]
V  [jvm.dll+0x24834f]
V  [jvm.dll+0x67c6e9]
V  [jvm.dll+0x6711aa]
V  [jvm.dll+0x307f7b]
V  [jvm.dll+0x30f476]
V  [jvm.dll+0x35f63e]
V  [jvm.dll+0x35f87f]
V  [jvm.dll+0x2def9c]
V  [jvm.dll+0x2dfef4]
V  [jvm.dll+0x808a4b]
V  [jvm.dll+0x36d3b1]
V  [jvm.dll+0x7e7425]
V  [jvm.dll+0x3f0edf]
V  [jvm.dll+0x3f2a31]
C  [jli.dll+0x528f]
C  [ucrtbase.dll+0x29333]
C  [KERNEL32.DLL+0x1257d]
C  [ntdll.dll+0x5af28]


---------------  P R O C E S S  ---------------

Threads class SMR info:
_java_thread_list=0x00007ff9c4a16f18, length=0, elements={
}

Java Threads: ( => current thread )

Other Threads:
  0x0000018d8b8b7990 GCTaskThread "GC Thread#0" [stack: 0x0000004f7c300000,0x0000004f7c400000] [id=19800]
  0x0000018d8b8c08e0 ConcurrentGCThread "G1 Main Marker" [stack: 0x0000004f7c400000,0x0000004f7c500000] [id=33480]
  0x0000018d8b8c1300 ConcurrentGCThread "G1 Conc#0" [stack: 0x0000004f7c500000,0x0000004f7c600000] [id=21852]

[error occurred during error reporting (printing all threads), id 0xc0000005, EXCEPTION_ACCESS_VIOLATION (0xc0000005) at pc=0x00007ff9c41cf697]

VM state: not at safepoint (not fully initialized)

VM Mutex/Monitor currently owned by a thread:  ([mutex/lock_event])
[0x0000018d8b8765b0] Heap_lock - owner thread: 0x0000018d8b8798c0

Heap address: 0x00000000c0000000, size: 1024 MB, Compressed Oops mode: 32-bit

CDS archive(s) mapped at: [0x0000000000000000-0x0000000000000000-0x0000000000000000), size 0, SharedBaseAddress: 0x0000000800000000, ArchiveRelocationMode: 1.
Narrow klass base: 0x0000000000000000, Narrow klass shift: 0, Narrow klass range: 0x0

GC Precious Log:
<Empty>

Heap:
 garbage-first heap   total 0K, used 0K [0x00000000c0000000, 0x0000000100000000)
  region size 1024K, 0 young (0K), 0 survivors (0K)

[error occurred during error reporting (printing heap information), id 0xc0000005, EXCEPTION_ACCESS_VIOLATION (0xc0000005) at pc=0x00007ff9c45b8bf9]

GC Heap History (0 events):
No events

Dll operation events (1 events):
Event: 0.012 Loaded shared library c:\Users\ranja\.vscode\extensions\redhat.java-1.34.0-win32-x64\jre\17.0.12-win32-x86_64\bin\java.dll

Deoptimization events (0 events):
No events

Classes loaded (0 events):
No events

Classes unloaded (0 events):
No events

Classes redefined (0 events):
No events

Internal exceptions (0 events):
No events

VM Operations (0 events):
No events

Events (0 events):
No events


Dynamic libraries:
0x00007ff604680000 - 0x00007ff60468e000 	c:\Users\ranja\.vscode\extensions\redhat.java-1.34.0-win32-x64\jre\17.0.12-win32-x86_64\bin\java.exe
0x00007ffac9810000 - 0x00007ffac9a27000 	C:\WINDOWS\SYSTEM32\ntdll.dll
0x00007ffac8a10000 - 0x00007ffac8ad4000 	C:\WINDOWS\System32\KERNEL32.DLL
0x00007ffac70c0000 - 0x00007ffac746d000 	C:\WINDOWS\System32\KERNELBASE.dll
0x00007ffac6de0000 - 0x00007ffac6ef1000 	C:\WINDOWS\System32\ucrtbase.dll
0x00007ffab87c0000 - 0x00007ffab87db000 	c:\Users\ranja\.vscode\extensions\redhat.java-1.34.0-win32-x64\jre\17.0.12-win32-x86_64\bin\VCRUNTIME140.dll
0x00007ffabba50000 - 0x00007ffabba67000 	c:\Users\ranja\.vscode\extensions\redhat.java-1.34.0-win32-x64\jre\17.0.12-win32-x86_64\bin\jli.dll
0x00007ffac8cc0000 - 0x00007ffac8e6e000 	C:\WINDOWS\System32\USER32.dll
0x00007ffac74e0000 - 0x00007ffac7506000 	C:\WINDOWS\System32\win32u.dll
0x00007ffac7b40000 - 0x00007ffac7b69000 	C:\WINDOWS\System32\GDI32.dll
0x00007ffac6fa0000 - 0x00007ffac70b9000 	C:\WINDOWS\System32\gdi32full.dll
0x00007ffaabf10000 - 0x00007ffaac1a3000 	C:\WINDOWS\WinSxS\amd64_microsoft.windows.common-controls_6595b64144ccf1df_6.0.22621.3672_none_2713b9d173822955\COMCTL32.dll
0x00007ffac6f00000 - 0x00007ffac6f9a000 	C:\WINDOWS\System32\msvcp_win.dll
0x00007ffac9030000 - 0x00007ffac90d7000 	C:\WINDOWS\System32\msvcrt.dll
0x00007ffac7c90000 - 0x00007ffac7cc1000 	C:\WINDOWS\System32\IMM32.DLL
0x00007ffabe090000 - 0x00007ffabe09c000 	c:\Users\ranja\.vscode\extensions\redhat.java-1.34.0-win32-x64\jre\17.0.12-win32-x86_64\bin\vcruntime140_1.dll
0x00007ffab4900000 - 0x00007ffab498d000 	c:\Users\ranja\.vscode\extensions\redhat.java-1.34.0-win32-x64\jre\17.0.12-win32-x86_64\bin\msvcp140.dll
0x00007ff9c3ee0000 - 0x00007ff9c4b4a000 	c:\Users\ranja\.vscode\extensions\redhat.java-1.34.0-win32-x64\jre\17.0.12-win32-x86_64\bin\server\jvm.dll
0x00007ffac7d40000 - 0x00007ffac7df2000 	C:\WINDOWS\System32\ADVAPI32.dll
0x00007ffac93c0000 - 0x00007ffac9469000 	C:\WINDOWS\System32\sechost.dll
0x00007ffac7510000 - 0x00007ffac7538000 	C:\WINDOWS\System32\bcrypt.dll
0x00007ffac7b70000 - 0x00007ffac7c84000 	C:\WINDOWS\System32\RPCRT4.dll
0x00007ffac8c40000 - 0x00007ffac8cb1000 	C:\WINDOWS\System32\WS2_32.dll
0x00007ffac59c0000 - 0x00007ffac5a0d000 	C:\WINDOWS\SYSTEM32\POWRPROF.dll
0x00007ffac0af0000 - 0x00007ffac0b24000 	C:\WINDOWS\SYSTEM32\WINMM.dll
0x00007ffabe110000 - 0x00007ffabe11a000 	C:\WINDOWS\SYSTEM32\VERSION.dll
0x00007ffac5990000 - 0x00007ffac59a3000 	C:\WINDOWS\SYSTEM32\UMPDC.dll
0x00007ffac5bf0000 - 0x00007ffac5c08000 	C:\WINDOWS\SYSTEM32\kernel.appcore.dll
0x00007ffabba40000 - 0x00007ffabba4a000 	c:\Users\ranja\.vscode\extensions\redhat.java-1.34.0-win32-x64\jre\17.0.12-win32-x86_64\bin\jimage.dll
0x00007ffac3f90000 - 0x00007ffac41c2000 	C:\WINDOWS\SYSTEM32\DBGHELP.DLL
0x00007ffac8680000 - 0x00007ffac8a0e000 	C:\WINDOWS\System32\combase.dll
0x00007ffac92c0000 - 0x00007ffac9397000 	C:\WINDOWS\System32\OLEAUT32.dll
0x00007ffaa0c50000 - 0x00007ffaa0c82000 	C:\WINDOWS\SYSTEM32\dbgcore.DLL
0x00007ffac6d60000 - 0x00007ffac6ddb000 	C:\WINDOWS\System32\bcryptPrimitives.dll
0x00007ffab5960000 - 0x00007ffab5985000 	c:\Users\ranja\.vscode\extensions\redhat.java-1.34.0-win32-x64\jre\17.0.12-win32-x86_64\bin\java.dll

dbghelp: loaded successfully - version: 4.0.5 - missing functions: none
symbol engine: initialized successfully - sym options: 0x614 - pdb path: .;c:\Users\ranja\.vscode\extensions\redhat.java-1.34.0-win32-x64\jre\17.0.12-win32-x86_64\bin;C:\WINDOWS\SYSTEM32;C:\WINDOWS\WinSxS\amd64_microsoft.windows.common-controls_6595b64144ccf1df_6.0.22621.3672_none_2713b9d173822955;c:\Users\ranja\.vscode\extensions\redhat.java-1.34.0-win32-x64\jre\17.0.12-win32-x86_64\bin\server

VM Arguments:
jvm_args: -Xmx1024m -Dsts.lsp.client=vscode -Dsts.log.file=/dev/null -XX:TieredStopAtLevel=1 -Xlog:jni+resolve=off 
java_command: c:\Users\ranja\.vscode\extensions\vmware.vscode-spring-boot-1.57.0\language-server\spring-boot-language-server-1.57.0-SNAPSHOT-exec.jar
java_class_path (initial): c:\Users\ranja\.vscode\extensions\vmware.vscode-spring-boot-1.57.0\language-server\spring-boot-language-server-1.57.0-SNAPSHOT-exec.jar
Launcher Type: SUN_STANDARD

[Global flags]
     intx CICompilerCount                          = 4                                         {product} {ergonomic}
     uint ConcGCThreads                            = 3                                         {product} {ergonomic}
     uint G1ConcRefinementThreads                  = 10                                        {product} {ergonomic}
   size_t G1HeapRegionSize                         = 1048576                                   {product} {ergonomic}
    uintx GCDrainStackTargetSize                   = 64                                        {product} {ergonomic}
   size_t InitialHeapSize                          = 130023424                                 {product} {ergonomic}
   size_t MarkStackSize                            = 4194304                                   {product} {ergonomic}
   size_t MaxHeapSize                              = 1073741824                                {product} {command line}
   size_t MinHeapDeltaBytes                        = 1048576                                   {product} {ergonomic}
   size_t MinHeapSize                              = 8388608                                   {product} {ergonomic}
    uintx NonProfiledCodeHeapSize                  = 0                                      {pd product} {ergonomic}
     bool ProfileInterpreter                       = false                                  {pd product} {command line}
    uintx ProfiledCodeHeapSize                     = 0                                      {pd product} {ergonomic}
   size_t SoftMaxHeapSize                          = 1073741824                             {manageable} {ergonomic}
     intx TieredStopAtLevel                        = 1                                         {product} {command line}
     bool UseCompressedClassPointers               = true                           {product lp64_product} {ergonomic}
     bool UseCompressedOops                        = true                           {product lp64_product} {ergonomic}
     bool UseG1GC                                  = true                                      {product} {ergonomic}
     bool UseLargePagesIndividualAllocation        = false                                  {pd product} {ergonomic}

Logging:
Log output configuration:
 #0: stdout all=warning,jni+resolve=off uptime,level,tags (reconfigured)
 #1: stderr all=off uptime,level,tags

Environment Variables:
CLASSPATH=C:\mysql-connector-j-8.3.0.jar;.;
PATH=C:\Python312\Scripts\;C:\Python312\;C:\Program Files (x86)\VMware\VMware Workstation\bin\;C:\Program Files\Common Files\Oracle\Java\javapath;C:\windows\system32;C:\windows;C:\windows\System32\Wbem;C:\windows\System32\WindowsPowerShell\v1.0\;C:\windows\System32\OpenSSH\;C:\Program Files (x86)\NVIDIA Corporation\PhysX\Common;C:\MinGW\bin;C:\MinGW\bin\g++.exe;C:\WINDOWS\system32;C:\WINDOWS;C:\WINDOWS\System32\Wbem;C:\WINDOWS\System32\WindowsPowerShell\v1.0\;C:\WINDOWS\System32\OpenSSH\;C:\Program Files\Git\cmd;C:\Program Files\MySQL\MySQL Server 8.0\bin;C:\Program Files\HP\HP One Agent;C:\Program Files\Java\jdk-22\bin;;C:\Program Files\NVIDIA Corporation\NVIDIA app\NvDLISR;C:\Program Files\nodejs\;C:\ProgramData\chocolatey\bin;C:\Program Files\PowerShell\7\;C:\Program Files\MySQL\MySQL Shell 8.0\bin\;C:\Users\ranja\AppData\Local\Microsoft\WindowsApps;C:\Users\ranja\AppData\Local\Programs\Microsoft VS Code\bin;C:\Program Files\JetBrains\IntelliJ IDEA Community Edition 2023.3.6\bin;C:\mysql-connector-j-8.3.0.jar;C:\Program Files\Java\jdk-19\bin;C:\Users\ranja\AppData\Local\JetBrains\Toolbox\scripts;C:\Users\ranja\AppData\Roaming\npm
USERNAME=ranja
OS=Windows_NT
PROCESSOR_IDENTIFIER=Intel64 Family 6 Model 141 Stepping 1, GenuineIntel
TMP=C:\Users\ranja\AppData\Local\Temp
TEMP=C:\Users\ranja\AppData\Local\Temp



Periodic native trim disabled


---------------  S Y S T E M  ---------------

OS:
 Windows 11 , 64 bit Build 22621 (10.0.22621.3958)
OS uptime: 6 days 12:57 hours
Hyper-V role detected

CPU: total 12 (initial active 12) (6 cores per cpu, 2 threads per core) family 6 model 141 stepping 1 microcode 0x4e, cx8, cmov, fxsr, ht, mmx, 3dnowpref, sse, sse2, sse3, ssse3, sse4.1, sse4.2, popcnt, lzcnt, tsc, tscinvbit, avx, avx2, aes, erms, clmul, bmi1, bmi2, adx, avx512f, avx512dq, avx512cd, avx512bw, avx512vl, sha, fma, vzeroupper, avx512_vpopcntdq, avx512_vpclmulqdq, avx512_vaes, avx512_vnni, clflush, clflushopt, clwb, avx512_vbmi2, avx512_vbmi, hv
Processor Information for processor 0
  Max Mhz: 2688, Current Mhz: 2688, Mhz Limit: 2688
Processor Information for processor 1
  Max Mhz: 2688, Current Mhz: 995, Mhz Limit: 2688
Processor Information for processor 2
  Max Mhz: 2688, Current Mhz: 2688, Mhz Limit: 2688
Processor Information for processor 3
  Max Mhz: 2688, Current Mhz: 2688, Mhz Limit: 2688
Processor Information for processor 4
  Max Mhz: 2688, Current Mhz: 2688, Mhz Limit: 2688
Processor Information for processor 5
  Max Mhz: 2688, Current Mhz: 2688, Mhz Limit: 2688
Processor Information for processor 6
  Max Mhz: 2688, Current Mhz: 995, Mhz Limit: 2688
Processor Information for processor 7
  Max Mhz: 2688, Current Mhz: 995, Mhz Limit: 2688
Processor Information for processor 8
  Max Mhz: 2688, Current Mhz: 2688, Mhz Limit: 2688
Processor Information for processor 9
  Max Mhz: 2688, Current Mhz: 995, Mhz Limit: 2688
Processor Information for processor 10
  Max Mhz: 2688, Current Mhz: 995, Mhz Limit: 2688
Processor Information for processor 11
  Max Mhz: 2688, Current Mhz: 995, Mhz Limit: 2688

Memory: 4k page, system-wide physical 7830M (314M free)
TotalPageFile size 31382M (AvailPageFile size 111M)
current process WorkingSet (physical memory assigned to process): 11M, peak: 11M
current process commit charge ("private bytes"): 59M, peak: 183M

vm_info: OpenJDK 64-Bit Server VM (17.0.12+7) for windows-amd64 JRE (17.0.12+7), built on Jul 16 2024 22:08:24 by "admin" with MS VC++ 16.10 / 16.11 (VS2019)

END.
